<?xml version="1.0" encoding="UTF-8"?>
<!-- Generated by org.testng.reporters.JUnitXMLReporter -->
<testsuite ignored="0" hostname="DESKTOP-3DIO0EK" failures="0" tests="5" name="Surefire test" time="34.598" errors="0" timestamp="2019-12-16T11:24:24 EET">
  <testcase classname="GoProTest" name="setup" time="7.596"/>
  <testcase classname="GoProTest" name="testTwoCamerasCanBeAddedToCart" time="7.256"/>
  <testcase classname="GoProTest" name="testFirstCameraCanBeRemovedFromCart" time="4.804"/>
  <testcase classname="GoProTest" name="testSecondCameraCanBeRemovedFromCart" time="3.591"/>
  <testcase classname="GoProTest" name="testThatRemovingSecondCameraWillFail" time="5.206"/>
</testsuite> <!-- Surefire test -->
